{"/home/travis/build/npmtest/node-npmtest-grunt-template-jasmine-istanbul/test.js":{"path":"/home/travis/build/npmtest/node-npmtest-grunt-template-jasmine-istanbul/test.js","s":{"1":2,"2":2,"3":2,"4":2,"5":2,"6":2,"7":2,"8":1,"9":2,"10":2,"11":1,"12":1,"13":1,"14":1,"15":2,"16":2,"17":2,"18":2,"19":1,"20":1,"21":2,"22":2,"23":2,"24":1,"25":1,"26":1,"27":1,"28":1,"29":1,"30":1,"31":1,"32":1,"33":1,"34":1,"35":1,"36":1,"37":1,"38":1,"39":2,"40":2,"41":1,"42":2,"43":2,"44":1,"45":2,"46":2,"47":1,"48":2,"49":2,"50":1,"51":1,"52":1,"53":1,"54":1},"b":{"1":[2,1,1,1],"2":[1,1,1,1],"3":[1,1],"4":[1,1],"5":[1,1],"6":[1,1],"7":[1,1],"8":[1,1],"9":[1,1],"10":[1,1,1],"11":[1,1],"12":[1,1],"13":[1,1],"14":[1,1],"15":[1,1],"16":[1,1],"17":[1,1]},"f":{"1":2,"2":2,"3":2,"4":2,"5":2,"6":1,"7":1,"8":1,"9":2,"10":2,"11":2,"12":2,"13":1},"fnMap":{"1":{"name":"(anonymous_1)","line":12,"loc":{"start":{"line":12,"column":1},"end":{"line":12,"column":13}}},"2":{"name":"(anonymous_2)","line":19,"loc":{"start":{"line":19,"column":5},"end":{"line":19,"column":17}}},"3":{"name":"(anonymous_3)","line":23,"loc":{"start":{"line":23,"column":24},"end":{"line":23,"column":36}}},"4":{"name":"(anonymous_4)","line":61,"loc":{"start":{"line":61,"column":5},"end":{"line":61,"column":17}}},"5":{"name":"(anonymous_5)","line":82,"loc":{"start":{"line":82,"column":5},"end":{"line":82,"column":17}}},"6":{"name":"(anonymous_6)","line":91,"loc":{"start":{"line":91,"column":77},"end":{"line":94,"column":10}}},"7":{"name":"(anonymous_7)","line":112,"loc":{"start":{"line":112,"column":83},"end":{"line":115,"column":10}},"skip":true},"8":{"name":"(anonymous_8)","line":123,"loc":{"start":{"line":123,"column":77},"end":{"line":126,"column":10}},"skip":true},"9":{"name":"(anonymous_9)","line":139,"loc":{"start":{"line":139,"column":12},"end":{"line":139,"column":40}},"skip":true},"10":{"name":"(anonymous_10)","line":147,"loc":{"start":{"line":147,"column":77},"end":{"line":150,"column":10}},"skip":true},"11":{"name":"(anonymous_11)","line":158,"loc":{"start":{"line":158,"column":83},"end":{"line":161,"column":10}},"skip":true},"12":{"name":"(anonymous_12)","line":169,"loc":{"start":{"line":169,"column":79},"end":{"line":172,"column":10}},"skip":true},"13":{"name":"(anonymous_13)","line":180,"loc":{"start":{"line":180,"column":75},"end":{"line":183,"column":10}},"skip":true}},"statementMap":{"1":{"start":{"line":12,"column":0},"end":{"line":195,"column":5}},"2":{"start":{"line":14,"column":4},"end":{"line":14,"column":14}},"3":{"start":{"line":19,"column":4},"end":{"line":56,"column":9}},"4":{"start":{"line":21,"column":8},"end":{"line":21,"column":19}},"5":{"start":{"line":23,"column":8},"end":{"line":35,"column":13}},"6":{"start":{"line":24,"column":12},"end":{"line":34,"column":13}},"7":{"start":{"line":25,"column":16},"end":{"line":28,"column":30}},"8":{"start":{"line":30,"column":16},"end":{"line":33,"column":27}},"9":{"start":{"line":37,"column":8},"end":{"line":39,"column":21}},"10":{"start":{"line":40,"column":8},"end":{"line":53,"column":9}},"11":{"start":{"line":43,"column":12},"end":{"line":46,"column":14}},"12":{"start":{"line":47,"column":12},"end":{"line":47,"column":18}},"13":{"start":{"line":50,"column":12},"end":{"line":51,"column":33}},"14":{"start":{"line":52,"column":12},"end":{"line":52,"column":18}},"15":{"start":{"line":55,"column":8},"end":{"line":55,"column":35}},"16":{"start":{"line":61,"column":4},"end":{"line":63,"column":9}},"17":{"start":{"line":62,"column":8},"end":{"line":62,"column":15}},"18":{"start":{"line":64,"column":4},"end":{"line":77,"column":5}},"19":{"start":{"line":70,"column":8},"end":{"line":70,"column":14}},"20":{"start":{"line":76,"column":8},"end":{"line":76,"column":14}},"21":{"start":{"line":82,"column":4},"end":{"line":84,"column":9}},"22":{"start":{"line":83,"column":8},"end":{"line":83,"column":15}},"23":{"start":{"line":85,"column":4},"end":{"line":194,"column":5}},"24":{"start":{"line":91,"column":8},"end":{"line":99,"column":10}},"25":{"start":{"line":98,"column":12},"end":{"line":98,"column":35}},"26":{"start":{"line":102,"column":8},"end":{"line":104,"column":63}},"27":{"start":{"line":105,"column":8},"end":{"line":105,"column":14}},"28":{"start":{"line":112,"column":8},"end":{"line":121,"column":10},"skip":true},"29":{"start":{"line":119,"column":12},"end":{"line":119,"column":55},"skip":true},"30":{"start":{"line":120,"column":12},"end":{"line":120,"column":48},"skip":true},"31":{"start":{"line":123,"column":8},"end":{"line":136,"column":10},"skip":true},"32":{"start":{"line":130,"column":12},"end":{"line":130,"column":76},"skip":true},"33":{"start":{"line":131,"column":12},"end":{"line":131,"column":73},"skip":true},"34":{"start":{"line":132,"column":12},"end":{"line":132,"column":74},"skip":true},"35":{"start":{"line":133,"column":12},"end":{"line":133,"column":79},"skip":true},"36":{"start":{"line":134,"column":12},"end":{"line":134,"column":25},"skip":true},"37":{"start":{"line":135,"column":12},"end":{"line":135,"column":45},"skip":true},"38":{"start":{"line":138,"column":8},"end":{"line":145,"column":14},"skip":true},"39":{"start":{"line":143,"column":16},"end":{"line":143,"column":29},"skip":true},"40":{"start":{"line":144,"column":16},"end":{"line":144,"column":55},"skip":true},"41":{"start":{"line":147,"column":8},"end":{"line":156,"column":10},"skip":true},"42":{"start":{"line":154,"column":12},"end":{"line":154,"column":25},"skip":true},"43":{"start":{"line":155,"column":12},"end":{"line":155,"column":45},"skip":true},"44":{"start":{"line":158,"column":8},"end":{"line":167,"column":10},"skip":true},"45":{"start":{"line":165,"column":12},"end":{"line":165,"column":25},"skip":true},"46":{"start":{"line":166,"column":12},"end":{"line":166,"column":48},"skip":true},"47":{"start":{"line":169,"column":8},"end":{"line":178,"column":10},"skip":true},"48":{"start":{"line":176,"column":12},"end":{"line":176,"column":25},"skip":true},"49":{"start":{"line":177,"column":12},"end":{"line":177,"column":46},"skip":true},"50":{"start":{"line":180,"column":8},"end":{"line":189,"column":10},"skip":true},"51":{"start":{"line":187,"column":12},"end":{"line":187,"column":94},"skip":true},"52":{"start":{"line":188,"column":12},"end":{"line":188,"column":48},"skip":true},"53":{"start":{"line":192,"column":8},"end":{"line":192,"column":35},"skip":true},"54":{"start":{"line":193,"column":8},"end":{"line":193,"column":14},"skip":true}},"branchMap":{"1":{"line":25,"type":"binary-expr","locations":[{"start":{"line":25,"column":23},"end":{"line":25,"column":62}},{"start":{"line":26,"column":20},"end":{"line":26,"column":70}},{"start":{"line":27,"column":20},"end":{"line":27,"column":71}},{"start":{"line":28,"column":20},"end":{"line":28,"column":29}}]},"2":{"line":30,"type":"binary-expr","locations":[{"start":{"line":30,"column":23},"end":{"line":30,"column":37}},{"start":{"line":31,"column":20},"end":{"line":31,"column":61}},{"start":{"line":32,"column":20},"end":{"line":32,"column":70}},{"start":{"line":33,"column":20},"end":{"line":33,"column":26}}]},"3":{"line":37,"type":"cond-expr","locations":[{"start":{"line":38,"column":14},"end":{"line":38,"column":20}},{"start":{"line":39,"column":14},"end":{"line":39,"column":20}}]},"4":{"line":40,"type":"switch","locations":[{"start":{"line":42,"column":8},"end":{"line":47,"column":18}},{"start":{"line":49,"column":8},"end":{"line":52,"column":18}}]},"5":{"line":44,"type":"binary-expr","locations":[{"start":{"line":44,"column":16},"end":{"line":44,"column":44}},{"start":{"line":44,"column":48},"end":{"line":44,"column":66}}]},"6":{"line":50,"type":"binary-expr","locations":[{"start":{"line":50,"column":21},"end":{"line":50,"column":49}},{"start":{"line":50,"column":53},"end":{"line":50,"column":72}}]},"7":{"line":64,"type":"switch","locations":[{"start":{"line":69,"column":4},"end":{"line":70,"column":14}},{"start":{"line":75,"column":4},"end":{"line":76,"column":14}}]},"8":{"line":85,"type":"switch","locations":[{"start":{"line":90,"column":4},"end":{"line":105,"column":14}},{"start":{"line":111,"column":4},"end":{"line":193,"column":14},"skip":true}]},"9":{"line":91,"type":"binary-expr","locations":[{"start":{"line":91,"column":42},"end":{"line":91,"column":73}},{"start":{"line":91,"column":77},"end":{"line":99,"column":9}}]},"10":{"line":102,"type":"binary-expr","locations":[{"start":{"line":102,"column":18},"end":{"line":102,"column":32}},{"start":{"line":103,"column":12},"end":{"line":103,"column":53}},{"start":{"line":104,"column":12},"end":{"line":104,"column":61}}]},"11":{"line":112,"type":"binary-expr","locations":[{"start":{"line":112,"column":45},"end":{"line":112,"column":79},"skip":true},{"start":{"line":112,"column":83},"end":{"line":121,"column":9},"skip":true}]},"12":{"line":123,"type":"binary-expr","locations":[{"start":{"line":123,"column":42},"end":{"line":123,"column":73},"skip":true},{"start":{"line":123,"column":77},"end":{"line":136,"column":9},"skip":true}]},"13":{"line":138,"type":"binary-expr","locations":[{"start":{"line":138,"column":48},"end":{"line":138,"column":85},"skip":true},{"start":{"line":139,"column":12},"end":{"line":145,"column":13},"skip":true}]},"14":{"line":147,"type":"binary-expr","locations":[{"start":{"line":147,"column":42},"end":{"line":147,"column":73},"skip":true},{"start":{"line":147,"column":77},"end":{"line":156,"column":9},"skip":true}]},"15":{"line":158,"type":"binary-expr","locations":[{"start":{"line":158,"column":45},"end":{"line":158,"column":79},"skip":true},{"start":{"line":158,"column":83},"end":{"line":167,"column":9},"skip":true}]},"16":{"line":169,"type":"binary-expr","locations":[{"start":{"line":169,"column":43},"end":{"line":169,"column":75},"skip":true},{"start":{"line":169,"column":79},"end":{"line":178,"column":9},"skip":true}]},"17":{"line":180,"type":"binary-expr","locations":[{"start":{"line":180,"column":41},"end":{"line":180,"column":71},"skip":true},{"start":{"line":180,"column":75},"end":{"line":189,"column":9},"skip":true}]}},"code":["/* istanbul instrument in package npmtest_grunt_template_jasmine_istanbul */","/*jslint","    bitwise: true,","    browser: true,","    maxerr: 8,","    maxlen: 96,","    node: true,","    nomen: true,","    regexp: true,","    stupid: true","*/","(function () {","    'use strict';","    var local;","","","","    // run shared js-env code - pre-init","    (function () {","        // init local","        local = {};","        // init modeJs","        local.modeJs = (function () {","            try {","                return typeof navigator.userAgent === 'string' &&","                    typeof document.querySelector('body') === 'object' &&","                    typeof XMLHttpRequest.prototype.open === 'function' &&","                    'browser';","            } catch (errorCaughtBrowser) {","                return module.exports &&","                    typeof process.versions.node === 'string' &&","                    typeof require('http').createServer === 'function' &&","                    'node';","            }","        }());","        // init global","        local.global = local.modeJs === 'browser'","            ? window","            : global;","        switch (local.modeJs) {","        // re-init local from window.local","        case 'browser':","            local = local.global.utility2.objectSetDefault(","                local.global.utility2_rollup || local.global.local,","                local.global.utility2","            );","            break;","        // re-init local from example.js","        case 'node':","            local = (local.global.utility2_rollup || require('utility2'))","                .requireReadme();","            break;","        }","        // export local","        local.global.local = local;","    }());","","","","    // run shared js-env code - function","    (function () {","        return;","    }());","    switch (local.modeJs) {","","","","    // run browser js-env code - function","    case 'browser':","        break;","","","","    // run node js-env code - function","    case 'node':","        break;","    }","","","","    // run shared js-env code - post-init","    (function () {","        return;","    }());","    switch (local.modeJs) {","","","","    // run browser js-env code - post-init","    case 'browser':","        local.testCase_browser_nullCase = local.testCase_browser_nullCase || function (","            options,","            onError","        ) {","        /*","         * this function will test browsers's null-case handling-behavior-behavior","         */","            onError(null, options);","        };","","        // run tests","        local.nop(local.modeTest &&","            document.querySelector('#testRunButton1') &&","            document.querySelector('#testRunButton1').click());","        break;","","","","    // run node js-env code - post-init","    /* istanbul ignore next */","    case 'node':","        local.testCase_buildApidoc_default = local.testCase_buildApidoc_default || function (","            options,","            onError","        ) {","        /*","         * this function will test buildApidoc's default handling-behavior-behavior","         */","            options = { modulePathList: module.paths };","            local.buildApidoc(options, onError);","        };","","        local.testCase_buildApp_default = local.testCase_buildApp_default || function (","            options,","            onError","        ) {","        /*","         * this function will test buildApp's default handling-behavior-behavior","         */","            local.testCase_buildReadme_default(options, local.onErrorThrow);","            local.testCase_buildLib_default(options, local.onErrorThrow);","            local.testCase_buildTest_default(options, local.onErrorThrow);","            local.testCase_buildCustomOrg_default(options, local.onErrorThrow);","            options = [];","            local.buildApp(options, onError);","        };","","        local.testCase_buildCustomOrg_default = local.testCase_buildCustomOrg_default ||","            function (options, onError) {","            /*","             * this function will test buildCustomOrg's default handling-behavior","             */","                options = {};","                local.buildCustomOrg(options, onError);","            };","","        local.testCase_buildLib_default = local.testCase_buildLib_default || function (","            options,","            onError","        ) {","        /*","         * this function will test buildLib's default handling-behavior","         */","            options = {};","            local.buildLib(options, onError);","        };","","        local.testCase_buildReadme_default = local.testCase_buildReadme_default || function (","            options,","            onError","        ) {","        /*","         * this function will test buildReadme's default handling-behavior-behavior","         */","            options = {};","            local.buildReadme(options, onError);","        };","","        local.testCase_buildTest_default = local.testCase_buildTest_default || function (","            options,","            onError","        ) {","        /*","         * this function will test buildTest's default handling-behavior","         */","            options = {};","            local.buildTest(options, onError);","        };","","        local.testCase_webpage_default = local.testCase_webpage_default || function (","            options,","            onError","        ) {","        /*","         * this function will test webpage's default handling-behavior","         */","            options = { modeCoverageMerge: true, url: local.serverLocalHost + '?modeTest=1' };","            local.browserTest(options, onError);","        };","","        // run test-server","        local.testRunServer(local);","        break;","    }","}());",""],"l":{"12":2,"14":2,"19":2,"21":2,"23":2,"24":2,"25":2,"30":1,"37":2,"40":2,"43":1,"47":1,"50":1,"52":1,"55":2,"61":2,"62":2,"64":2,"70":1,"76":1,"82":2,"83":2,"85":2,"91":1,"98":1,"102":1,"105":1,"112":1,"119":1,"120":1,"123":1,"130":1,"131":1,"132":1,"133":1,"134":1,"135":1,"138":1,"143":2,"144":2,"147":1,"154":2,"155":2,"158":1,"165":2,"166":2,"169":1,"176":2,"177":2,"180":1,"187":1,"188":1,"192":1,"193":1}},"/home/travis/build/npmtest/node-npmtest-grunt-template-jasmine-istanbul/lib.npmtest_grunt_template_jasmine_istanbul.js":{"path":"/home/travis/build/npmtest/node-npmtest-grunt-template-jasmine-istanbul/lib.npmtest_grunt_template_jasmine_istanbul.js","s":{"1":2,"2":2,"3":2,"4":2,"5":2,"6":2,"7":2,"8":1,"9":2,"10":2,"11":2,"12":2,"13":1,"14":1,"15":1,"16":1},"b":{"1":[2,1,1,1],"2":[1,1,1,1],"3":[1,1],"4":[2,2],"5":[1,1]},"f":{"1":2,"2":2,"3":2},"fnMap":{"1":{"name":"(anonymous_1)","line":12,"loc":{"start":{"line":12,"column":1},"end":{"line":12,"column":13}}},"2":{"name":"(anonymous_2)","line":19,"loc":{"start":{"line":19,"column":5},"end":{"line":19,"column":17}}},"3":{"name":"(anonymous_3)","line":23,"loc":{"start":{"line":23,"column":24},"end":{"line":23,"column":36}}}},"statementMap":{"1":{"start":{"line":12,"column":0},"end":{"line":53,"column":5}},"2":{"start":{"line":14,"column":4},"end":{"line":14,"column":14}},"3":{"start":{"line":19,"column":4},"end":{"line":52,"column":9}},"4":{"start":{"line":21,"column":8},"end":{"line":21,"column":19}},"5":{"start":{"line":23,"column":8},"end":{"line":35,"column":13}},"6":{"start":{"line":24,"column":12},"end":{"line":34,"column":13}},"7":{"start":{"line":25,"column":16},"end":{"line":28,"column":30}},"8":{"start":{"line":30,"column":16},"end":{"line":33,"column":27}},"9":{"start":{"line":37,"column":8},"end":{"line":39,"column":21}},"10":{"start":{"line":41,"column":8},"end":{"line":41,"column":54}},"11":{"start":{"line":43,"column":8},"end":{"line":43,"column":76}},"12":{"start":{"line":45,"column":8},"end":{"line":51,"column":9}},"13":{"start":{"line":46,"column":12},"end":{"line":46,"column":82}},"14":{"start":{"line":48,"column":12},"end":{"line":48,"column":35}},"15":{"start":{"line":49,"column":12},"end":{"line":49,"column":49}},"16":{"start":{"line":50,"column":12},"end":{"line":50,"column":43}}},"branchMap":{"1":{"line":25,"type":"binary-expr","locations":[{"start":{"line":25,"column":23},"end":{"line":25,"column":62}},{"start":{"line":26,"column":20},"end":{"line":26,"column":70}},{"start":{"line":27,"column":20},"end":{"line":27,"column":71}},{"start":{"line":28,"column":20},"end":{"line":28,"column":29}}]},"2":{"line":30,"type":"binary-expr","locations":[{"start":{"line":30,"column":23},"end":{"line":30,"column":37}},{"start":{"line":31,"column":20},"end":{"line":31,"column":61}},{"start":{"line":32,"column":20},"end":{"line":32,"column":70}},{"start":{"line":33,"column":20},"end":{"line":33,"column":26}}]},"3":{"line":37,"type":"cond-expr","locations":[{"start":{"line":38,"column":14},"end":{"line":38,"column":20}},{"start":{"line":39,"column":14},"end":{"line":39,"column":20}}]},"4":{"line":41,"type":"binary-expr","locations":[{"start":{"line":41,"column":16},"end":{"line":41,"column":44}},{"start":{"line":41,"column":48},"end":{"line":41,"column":53}}]},"5":{"line":45,"type":"if","locations":[{"start":{"line":45,"column":8},"end":{"line":45,"column":8}},{"start":{"line":45,"column":8},"end":{"line":45,"column":8}}]}},"code":["/* istanbul instrument in package npmtest_grunt_template_jasmine_istanbul */","/*jslint","    bitwise: true,","    browser: true,","    maxerr: 8,","    maxlen: 96,","    node: true,","    nomen: true,","    regexp: true,","    stupid: true","*/","(function () {","    'use strict';","    var local;","","","","    // run shared js-env code - pre-init","    (function () {","        // init local","        local = {};","        // init modeJs","        local.modeJs = (function () {","            try {","                return typeof navigator.userAgent === 'string' &&","                    typeof document.querySelector('body') === 'object' &&","                    typeof XMLHttpRequest.prototype.open === 'function' &&","                    'browser';","            } catch (errorCaughtBrowser) {","                return module.exports &&","                    typeof process.versions.node === 'string' &&","                    typeof require('http').createServer === 'function' &&","                    'node';","            }","        }());","        // init global","        local.global = local.modeJs === 'browser'","            ? window","            : global;","        // init utility2_rollup","        local = local.global.utility2_rollup || local;","        // init lib","        local.local = local.npmtest_grunt_template_jasmine_istanbul = local;","        // init exports","        if (local.modeJs === 'browser') {","            local.global.utility2_npmtest_grunt_template_jasmine_istanbul = local;","        } else {","            module.exports = local;","            module.exports.__dirname = __dirname;","            module.exports.module = module;","        }","    }());","}());",""],"l":{"12":2,"14":2,"19":2,"21":2,"23":2,"24":2,"25":2,"30":1,"37":2,"41":2,"43":2,"45":2,"46":1,"48":1,"49":1,"50":1}},"/home/travis/build/npmtest/node-npmtest-grunt-template-jasmine-istanbul/example.js":{"path":"/home/travis/build/npmtest/node-npmtest-grunt-template-jasmine-istanbul/example.js","s":{"1":2,"2":2,"3":2,"4":2,"5":2,"6":2,"7":2,"8":1,"9":2,"10":2,"11":2,"12":2,"13":1,"14":2,"15":2,"16":2,"17":2,"18":2,"19":0,"20":2,"21":1,"22":1,"23":1,"24":1,"25":1,"26":0,"27":0,"28":1,"29":1,"30":2,"31":0,"32":0,"33":0,"34":1,"35":2,"36":2,"37":3,"38":3,"39":3,"40":3,"41":0,"42":3,"43":3,"44":3,"45":1,"46":3,"47":1,"48":1,"49":1,"50":1,"51":1,"52":1,"53":1,"54":1,"55":1,"56":1,"57":0,"58":1,"59":6,"60":6,"61":1,"62":2,"63":0,"64":2,"65":1,"66":1,"67":0,"68":0,"69":0,"70":0,"71":0,"72":0,"73":0,"74":0,"75":0,"76":0,"77":0,"78":0,"79":0,"80":0,"81":0,"82":0,"83":0},"b":{"1":[2,1,1,1],"2":[1,1,1,1],"3":[1,1],"4":[2,2],"5":[1,1],"6":[1,1],"7":[2,0],"8":[2,1,1,1,1,1],"9":[0,2,0],"10":[1,1],"11":[2,1,1],"12":[1,0],"13":[0,2],"14":[2,0,0,0,0,0,0],"15":[0,3],"16":[3,0],"17":[1,1],"18":[0,1],"19":[1,2,0,2],"20":[1,0],"21":[1,1],"22":[0,0],"23":[0,0],"24":[0,0],"25":[0,0],"26":[0,0],"27":[0,0],"28":[0,0]},"f":{"1":2,"2":2,"3":2,"4":2,"5":2,"6":2,"7":3,"8":3,"9":3,"10":1,"11":6,"12":0},"fnMap":{"1":{"name":"(anonymous_1)","line":26,"loc":{"start":{"line":26,"column":1},"end":{"line":26,"column":13}}},"2":{"name":"(anonymous_2)","line":33,"loc":{"start":{"line":33,"column":5},"end":{"line":33,"column":17}}},"3":{"name":"(anonymous_3)","line":37,"loc":{"start":{"line":37,"column":24},"end":{"line":37,"column":36}}},"4":{"name":"(anonymous_4)","line":69,"loc":{"start":{"line":69,"column":31},"end":{"line":69,"column":48}},"skip":true},"5":{"name":"(anonymous_5)","line":78,"loc":{"start":{"line":78,"column":26},"end":{"line":78,"column":45}},"skip":true},"6":{"name":"(anonymous_6)","line":123,"loc":{"start":{"line":123,"column":33},"end":{"line":123,"column":48}},"skip":true},"7":{"name":"(anonymous_7)","line":125,"loc":{"start":{"line":125,"column":27},"end":{"line":125,"column":39}},"skip":true},"8":{"name":"(anonymous_8)","line":133,"loc":{"start":{"line":133,"column":59},"end":{"line":133,"column":74}},"skip":true},"9":{"name":"(anonymous_9)","line":143,"loc":{"start":{"line":143,"column":45},"end":{"line":143,"column":62}},"skip":true},"10":{"name":"(anonymous_10)","line":144,"loc":{"start":{"line":144,"column":73},"end":{"line":144,"column":92}},"skip":true},"11":{"name":"(anonymous_11)","line":272,"loc":{"start":{"line":272,"column":51},"end":{"line":272,"column":77}},"skip":true},"12":{"name":"(anonymous_12)","line":315,"loc":{"start":{"line":315,"column":32},"end":{"line":315,"column":61}},"skip":true}},"statementMap":{"1":{"start":{"line":26,"column":0},"end":{"line":326,"column":5}},"2":{"start":{"line":28,"column":4},"end":{"line":28,"column":14}},"3":{"start":{"line":33,"column":4},"end":{"line":60,"column":9}},"4":{"start":{"line":35,"column":8},"end":{"line":35,"column":19}},"5":{"start":{"line":37,"column":8},"end":{"line":49,"column":13}},"6":{"start":{"line":38,"column":12},"end":{"line":48,"column":13}},"7":{"start":{"line":39,"column":16},"end":{"line":42,"column":30}},"8":{"start":{"line":44,"column":16},"end":{"line":47,"column":27}},"9":{"start":{"line":51,"column":8},"end":{"line":53,"column":21}},"10":{"start":{"line":55,"column":8},"end":{"line":57,"column":45}},"11":{"start":{"line":59,"column":8},"end":{"line":59,"column":35}},"12":{"start":{"line":61,"column":4},"end":{"line":325,"column":5}},"13":{"start":{"line":69,"column":8},"end":{"line":121,"column":10},"skip":true},"14":{"start":{"line":70,"column":12},"end":{"line":88,"column":13},"skip":true},"15":{"start":{"line":76,"column":16},"end":{"line":87,"column":19},"skip":true},"16":{"start":{"line":79,"column":20},"end":{"line":86,"column":21},"skip":true},"17":{"start":{"line":82,"column":24},"end":{"line":82,"column":43},"skip":true},"18":{"start":{"line":83,"column":24},"end":{"line":83,"column":30},"skip":true},"19":{"start":{"line":85,"column":24},"end":{"line":85,"column":49},"skip":true},"20":{"start":{"line":89,"column":12},"end":{"line":107,"column":13},"skip":true},"21":{"start":{"line":92,"column":16},"end":{"line":102,"column":17},"skip":true},"22":{"start":{"line":93,"column":20},"end":{"line":93,"column":86},"skip":true},"23":{"start":{"line":94,"column":20},"end":{"line":95,"column":45},"skip":true},"24":{"start":{"line":96,"column":20},"end":{"line":96,"column":42},"skip":true},"25":{"start":{"line":97,"column":20},"end":{"line":97,"column":48},"skip":true},"26":{"start":{"line":100,"column":20},"end":{"line":100,"column":85},"skip":true},"27":{"start":{"line":101,"column":20},"end":{"line":101,"column":96},"skip":true},"28":{"start":{"line":103,"column":16},"end":{"line":103,"column":22},"skip":true},"29":{"start":{"line":106,"column":16},"end":{"line":106,"column":22},"skip":true},"30":{"start":{"line":108,"column":12},"end":{"line":120,"column":13},"skip":true},"31":{"start":{"line":114,"column":16},"end":{"line":119,"column":17},"skip":true},"32":{"start":{"line":116,"column":20},"end":{"line":116,"column":78},"skip":true},"33":{"start":{"line":118,"column":20},"end":{"line":118,"column":47},"skip":true},"34":{"start":{"line":123,"column":8},"end":{"line":141,"column":11},"skip":true},"35":{"start":{"line":124,"column":12},"end":{"line":124,"column":54},"skip":true},"36":{"start":{"line":125,"column":12},"end":{"line":140,"column":14},"skip":true},"37":{"start":{"line":126,"column":16},"end":{"line":126,"column":28},"skip":true},"38":{"start":{"line":127,"column":16},"end":{"line":127,"column":69},"skip":true},"39":{"start":{"line":128,"column":16},"end":{"line":128,"column":75},"skip":true},"40":{"start":{"line":129,"column":16},"end":{"line":131,"column":17},"skip":true},"41":{"start":{"line":130,"column":20},"end":{"line":130,"column":27},"skip":true},"42":{"start":{"line":133,"column":16},"end":{"line":137,"column":36},"skip":true},"43":{"start":{"line":134,"column":20},"end":{"line":136,"column":55},"skip":true},"44":{"start":{"line":139,"column":16},"end":{"line":139,"column":57},"skip":true},"45":{"start":{"line":143,"column":8},"end":{"line":147,"column":11},"skip":true},"46":{"start":{"line":144,"column":12},"end":{"line":146,"column":15},"skip":true},"47":{"start":{"line":145,"column":16},"end":{"line":145,"column":70},"skip":true},"48":{"start":{"line":149,"column":8},"end":{"line":149,"column":31},"skip":true},"49":{"start":{"line":150,"column":8},"end":{"line":150,"column":14},"skip":true},"50":{"start":{"line":158,"column":8},"end":{"line":158,"column":31},"skip":true},"51":{"start":{"line":160,"column":8},"end":{"line":160,"column":33},"skip":true},"52":{"start":{"line":161,"column":8},"end":{"line":161,"column":37},"skip":true},"53":{"start":{"line":162,"column":8},"end":{"line":162,"column":35},"skip":true},"54":{"start":{"line":164,"column":8},"end":{"line":164,"column":50},"skip":true},"55":{"start":{"line":166,"column":8},"end":{"line":256,"column":2},"skip":true},"56":{"start":{"line":258,"column":8},"end":{"line":286,"column":9},"skip":true},"57":{"start":{"line":259,"column":12},"end":{"line":269,"column":14},"skip":true},"58":{"start":{"line":271,"column":12},"end":{"line":285,"column":19},"skip":true},"59":{"start":{"line":274,"column":20},"end":{"line":274,"column":35},"skip":true},"60":{"start":{"line":275,"column":20},"end":{"line":284,"column":21},"skip":true},"61":{"start":{"line":277,"column":24},"end":{"line":277,"column":64},"skip":true},"62":{"start":{"line":279,"column":24},"end":{"line":279,"column":40},"skip":true},"63":{"start":{"line":281,"column":24},"end":{"line":281,"column":40},"skip":true},"64":{"start":{"line":283,"column":24},"end":{"line":283,"column":39},"skip":true},"65":{"start":{"line":288,"column":8},"end":{"line":290,"column":9},"skip":true},"66":{"start":{"line":289,"column":12},"end":{"line":289,"column":18},"skip":true},"67":{"start":{"line":291,"column":8},"end":{"line":293,"column":54},"skip":true},"68":{"start":{"line":296,"column":8},"end":{"line":301,"column":37},"skip":true},"69":{"start":{"line":303,"column":8},"end":{"line":303,"column":82},"skip":true},"70":{"start":{"line":306,"column":8},"end":{"line":308,"column":9},"skip":true},"71":{"start":{"line":307,"column":12},"end":{"line":307,"column":82},"skip":true},"72":{"start":{"line":310,"column":8},"end":{"line":312,"column":9},"skip":true},"73":{"start":{"line":311,"column":12},"end":{"line":311,"column":18},"skip":true},"74":{"start":{"line":313,"column":8},"end":{"line":313,"column":54},"skip":true},"75":{"start":{"line":314,"column":8},"end":{"line":314,"column":69},"skip":true},"76":{"start":{"line":315,"column":8},"end":{"line":323,"column":36},"skip":true},"77":{"start":{"line":316,"column":12},"end":{"line":316,"column":61},"skip":true},"78":{"start":{"line":317,"column":12},"end":{"line":320,"column":13},"skip":true},"79":{"start":{"line":318,"column":16},"end":{"line":318,"column":75},"skip":true},"80":{"start":{"line":319,"column":16},"end":{"line":319,"column":23},"skip":true},"81":{"start":{"line":321,"column":12},"end":{"line":321,"column":38},"skip":true},"82":{"start":{"line":322,"column":12},"end":{"line":322,"column":27},"skip":true},"83":{"start":{"line":324,"column":8},"end":{"line":324,"column":14},"skip":true}},"branchMap":{"1":{"line":39,"type":"binary-expr","locations":[{"start":{"line":39,"column":23},"end":{"line":39,"column":62}},{"start":{"line":40,"column":20},"end":{"line":40,"column":70}},{"start":{"line":41,"column":20},"end":{"line":41,"column":71}},{"start":{"line":42,"column":20},"end":{"line":42,"column":29}}]},"2":{"line":44,"type":"binary-expr","locations":[{"start":{"line":44,"column":23},"end":{"line":44,"column":37}},{"start":{"line":45,"column":20},"end":{"line":45,"column":61}},{"start":{"line":46,"column":20},"end":{"line":46,"column":70}},{"start":{"line":47,"column":20},"end":{"line":47,"column":26}}]},"3":{"line":51,"type":"cond-expr","locations":[{"start":{"line":52,"column":14},"end":{"line":52,"column":20}},{"start":{"line":53,"column":14},"end":{"line":53,"column":20}}]},"4":{"line":55,"type":"binary-expr","locations":[{"start":{"line":55,"column":16},"end":{"line":55,"column":44}},{"start":{"line":55,"column":49},"end":{"line":57,"column":43}}]},"5":{"line":55,"type":"cond-expr","locations":[{"start":{"line":56,"column":14},"end":{"line":56,"column":75}},{"start":{"line":57,"column":14},"end":{"line":57,"column":43}}]},"6":{"line":61,"type":"switch","locations":[{"start":{"line":68,"column":4},"end":{"line":150,"column":14},"skip":true},{"start":{"line":156,"column":4},"end":{"line":324,"column":14},"skip":true}]},"7":{"line":70,"type":"if","locations":[{"start":{"line":70,"column":12},"end":{"line":70,"column":12},"skip":true},{"start":{"line":70,"column":12},"end":{"line":70,"column":12},"skip":true}]},"8":{"line":70,"type":"binary-expr","locations":[{"start":{"line":70,"column":16},"end":{"line":70,"column":22},"skip":true},{"start":{"line":70,"column":27},"end":{"line":70,"column":32},"skip":true},{"start":{"line":71,"column":20},"end":{"line":71,"column":39},"skip":true},{"start":{"line":72,"column":20},"end":{"line":72,"column":49},"skip":true},{"start":{"line":73,"column":20},"end":{"line":73,"column":58},"skip":true},{"start":{"line":74,"column":20},"end":{"line":74,"column":69},"skip":true}]},"9":{"line":79,"type":"switch","locations":[{"start":{"line":80,"column":20},"end":{"line":80,"column":33},"skip":true},{"start":{"line":81,"column":20},"end":{"line":83,"column":30},"skip":true},{"start":{"line":84,"column":20},"end":{"line":85,"column":49},"skip":true}]},"10":{"line":89,"type":"switch","locations":[{"start":{"line":90,"column":12},"end":{"line":103,"column":22},"skip":true},{"start":{"line":105,"column":12},"end":{"line":106,"column":22},"skip":true}]},"11":{"line":89,"type":"binary-expr","locations":[{"start":{"line":89,"column":20},"end":{"line":89,"column":25},"skip":true},{"start":{"line":89,"column":29},"end":{"line":89,"column":48},"skip":true},{"start":{"line":89,"column":52},"end":{"line":89,"column":74},"skip":true}]},"12":{"line":92,"type":"if","locations":[{"start":{"line":92,"column":16},"end":{"line":92,"column":16},"skip":true},{"start":{"line":92,"column":16},"end":{"line":92,"column":16},"skip":true}]},"13":{"line":108,"type":"if","locations":[{"start":{"line":108,"column":12},"end":{"line":108,"column":12},"skip":true},{"start":{"line":108,"column":12},"end":{"line":108,"column":12},"skip":true}]},"14":{"line":108,"type":"binary-expr","locations":[{"start":{"line":108,"column":16},"end":{"line":108,"column":61},"skip":true},{"start":{"line":108,"column":66},"end":{"line":108,"column":72},"skip":true},{"start":{"line":108,"column":77},"end":{"line":108,"column":82},"skip":true},{"start":{"line":109,"column":20},"end":{"line":109,"column":39},"skip":true},{"start":{"line":110,"column":20},"end":{"line":110,"column":49},"skip":true},{"start":{"line":111,"column":20},"end":{"line":111,"column":58},"skip":true},{"start":{"line":112,"column":20},"end":{"line":112,"column":68},"skip":true}]},"15":{"line":129,"type":"if","locations":[{"start":{"line":129,"column":16},"end":{"line":129,"column":16},"skip":true},{"start":{"line":129,"column":16},"end":{"line":129,"column":16},"skip":true}]},"16":{"line":134,"type":"cond-expr","locations":[{"start":{"line":135,"column":26},"end":{"line":135,"column":29},"skip":true},{"start":{"line":136,"column":26},"end":{"line":136,"column":54},"skip":true}]},"17":{"line":164,"type":"binary-expr","locations":[{"start":{"line":164,"column":27},"end":{"line":164,"column":43},"skip":true},{"start":{"line":164,"column":47},"end":{"line":164,"column":49},"skip":true}]},"18":{"line":258,"type":"if","locations":[{"start":{"line":258,"column":8},"end":{"line":258,"column":8},"skip":true},{"start":{"line":258,"column":8},"end":{"line":258,"column":8},"skip":true}]},"19":{"line":275,"type":"switch","locations":[{"start":{"line":276,"column":20},"end":{"line":277,"column":64},"skip":true},{"start":{"line":278,"column":20},"end":{"line":279,"column":40},"skip":true},{"start":{"line":280,"column":20},"end":{"line":281,"column":40},"skip":true},{"start":{"line":282,"column":20},"end":{"line":283,"column":39},"skip":true}]},"20":{"line":288,"type":"if","locations":[{"start":{"line":288,"column":8},"end":{"line":288,"column":8},"skip":true},{"start":{"line":288,"column":8},"end":{"line":288,"column":8},"skip":true}]},"21":{"line":288,"type":"binary-expr","locations":[{"start":{"line":288,"column":12},"end":{"line":288,"column":40},"skip":true},{"start":{"line":288,"column":44},"end":{"line":288,"column":67},"skip":true}]},"22":{"line":292,"type":"binary-expr","locations":[{"start":{"line":292,"column":12},"end":{"line":292,"column":50},"skip":true},{"start":{"line":293,"column":12},"end":{"line":293,"column":53},"skip":true}]},"23":{"line":297,"type":"binary-expr","locations":[{"start":{"line":297,"column":12},"end":{"line":297,"column":89},"skip":true},{"start":{"line":298,"column":12},"end":{"line":301,"column":36},"skip":true}]},"24":{"line":303,"type":"binary-expr","locations":[{"start":{"line":303,"column":43},"end":{"line":303,"column":75},"skip":true},{"start":{"line":303,"column":79},"end":{"line":303,"column":81},"skip":true}]},"25":{"line":306,"type":"if","locations":[{"start":{"line":306,"column":8},"end":{"line":306,"column":8},"skip":true},{"start":{"line":306,"column":8},"end":{"line":306,"column":8},"skip":true}]},"26":{"line":310,"type":"if","locations":[{"start":{"line":310,"column":8},"end":{"line":310,"column":8},"skip":true},{"start":{"line":310,"column":8},"end":{"line":310,"column":8},"skip":true}]},"27":{"line":313,"type":"binary-expr","locations":[{"start":{"line":313,"column":27},"end":{"line":313,"column":43},"skip":true},{"start":{"line":313,"column":47},"end":{"line":313,"column":53},"skip":true}]},"28":{"line":317,"type":"if","locations":[{"start":{"line":317,"column":12},"end":{"line":317,"column":12},"skip":true},{"start":{"line":317,"column":12},"end":{"line":317,"column":12},"skip":true}]}},"code":["/*","example.js","","quickstart example","","instruction","    1. save this script as example.js","    2. run the shell command:","        $ npm install npmtest-grunt-template-jasmine-istanbul && PORT=8081 node example.js","    3. play with the browser-demo on http://127.0.0.1:8081","*/","","","","/* istanbul instrument in package npmtest_grunt_template_jasmine_istanbul */","/*jslint","    bitwise: true,","    browser: true,","    maxerr: 8,","    maxlen: 96,","    node: true,","    nomen: true,","    regexp: true,","    stupid: true","*/","(function () {","    'use strict';","    var local;","","","","    // run shared js-env code - pre-init","    (function () {","        // init local","        local = {};","        // init modeJs","        local.modeJs = (function () {","            try {","                return typeof navigator.userAgent === 'string' &&","                    typeof document.querySelector('body') === 'object' &&","                    typeof XMLHttpRequest.prototype.open === 'function' &&","                    'browser';","            } catch (errorCaughtBrowser) {","                return module.exports &&","                    typeof process.versions.node === 'string' &&","                    typeof require('http').createServer === 'function' &&","                    'node';","            }","        }());","        // init global","        local.global = local.modeJs === 'browser'","            ? window","            : global;","        // init utility2_rollup","        local = local.global.utility2_rollup || (local.modeJs === 'browser'","            ? local.global.utility2_npmtest_grunt_template_jasmine_istanbul","            : global.utility2_moduleExports);","        // export local","        local.global.local = local;","    }());","    switch (local.modeJs) {","","","","    // post-init","    // run browser js-env code - post-init","    /* istanbul ignore next */","    case 'browser':","        local.testRunBrowser = function (event) {","            if (!event || (event &&","                    event.currentTarget &&","                    event.currentTarget.className &&","                    event.currentTarget.className.includes &&","                    event.currentTarget.className.includes('onreset'))) {","                // reset output","                Array.from(","                    document.querySelectorAll('body > .resettable')","                ).forEach(function (element) {","                    switch (element.tagName) {","                    case 'INPUT':","                    case 'TEXTAREA':","                        element.value = '';","                        break;","                    default:","                        element.textContent = '';","                    }","                });","            }","            switch (event && event.currentTarget && event.currentTarget.id) {","            case 'testRunButton1':","                // show tests","                if (document.querySelector('#testReportDiv1').style.display === 'none') {","                    document.querySelector('#testReportDiv1').style.display = 'block';","                    document.querySelector('#testRunButton1').textContent =","                        'hide internal test';","                    local.modeTest = true;","                    local.testRunDefault(local);","                // hide tests","                } else {","                    document.querySelector('#testReportDiv1').style.display = 'none';","                    document.querySelector('#testRunButton1').textContent = 'run internal test';","                }","                break;","            // custom-case","            default:","                break;","            }","            if (document.querySelector('#inputTextareaEval1') && (!event || (event &&","                    event.currentTarget &&","                    event.currentTarget.className &&","                    event.currentTarget.className.includes &&","                    event.currentTarget.className.includes('oneval')))) {","                // try to eval input-code","                try {","                    /*jslint evil: true*/","                    eval(document.querySelector('#inputTextareaEval1').value);","                } catch (errorCaught) {","                    console.error(errorCaught);","                }","            }","        };","        // log stderr and stdout to #outputTextareaStdout1","        ['error', 'log'].forEach(function (key) {","            console[key + '_original'] = console[key];","            console[key] = function () {","                var element;","                console[key + '_original'].apply(console, arguments);","                element = document.querySelector('#outputTextareaStdout1');","                if (!element) {","                    return;","                }","                // append text to #outputTextareaStdout1","                element.value += Array.from(arguments).map(function (arg) {","                    return typeof arg === 'string'","                        ? arg","                        : JSON.stringify(arg, null, 4);","                }).join(' ') + '\\n';","                // scroll textarea to bottom","                element.scrollTop = element.scrollHeight;","            };","        });","        // init event-handling","        ['change', 'click', 'keyup'].forEach(function (event) {","            Array.from(document.querySelectorAll('.on' + event)).forEach(function (element) {","                element.addEventListener(event, local.testRunBrowser);","            });","        });","        // run tests","        local.testRunBrowser();","        break;","","","","    // run node js-env code - post-init","    /* istanbul ignore next */","    case 'node':","        // export local","        module.exports = local;","        // require modules","        local.fs = require('fs');","        local.http = require('http');","        local.url = require('url');","        // init assets","        local.assetsDict = local.assetsDict || {};","        /* jslint-ignore-begin */","        local.assetsDict['/assets.index.template.html'] = '\\","<!doctype html>\\n\\","<html lang=\"en\">\\n\\","<head>\\n\\","<meta charset=\"UTF-8\">\\n\\","<meta name=\"viewport\" content=\"width=device-width, initial-scale=1\">\\n\\","<title>{{env.npm_package_name}} (v{{env.npm_package_version}})</title>\\n\\","<style>\\n\\","/*csslint\\n\\","    box-sizing: false,\\n\\","    universal-selector: false\\n\\","*/\\n\\","* {\\n\\","    box-sizing: border-box;\\n\\","}\\n\\","body {\\n\\","    background: #dde;\\n\\","    font-family: Arial, Helvetica, sans-serif;\\n\\","    margin: 2rem;\\n\\","}\\n\\","body > * {\\n\\","    margin-bottom: 1rem;\\n\\","}\\n\\",".utility2FooterDiv {\\n\\","    margin-top: 20px;\\n\\","    text-align: center;\\n\\","}\\n\\","</style>\\n\\","<style>\\n\\","/*csslint\\n\\","*/\\n\\","textarea {\\n\\","    font-family: monospace;\\n\\","    height: 10rem;\\n\\","    width: 100%;\\n\\","}\\n\\","textarea[readonly] {\\n\\","    background: #ddd;\\n\\","}\\n\\","</style>\\n\\","</head>\\n\\","<body>\\n\\","<!-- utility2-comment\\n\\","<div id=\"ajaxProgressDiv1\" style=\"background: #d00; height: 2px; left: 0; margin: 0; padding: 0; position: fixed; top: 0; transition: background 0.5s, width 1.5s; width: 25%;\"></div>\\n\\","utility2-comment -->\\n\\","<h1>\\n\\","<!-- utility2-comment\\n\\","    <a\\n\\","        {{#if env.npm_package_homepage}}\\n\\","        href=\"{{env.npm_package_homepage}}\"\\n\\","        {{/if env.npm_package_homepage}}\\n\\","        target=\"_blank\"\\n\\","    >\\n\\","utility2-comment -->\\n\\","        {{env.npm_package_name}} (v{{env.npm_package_version}})\\n\\","<!-- utility2-comment\\n\\","    </a>\\n\\","utility2-comment -->\\n\\","</h1>\\n\\","<h3>{{env.npm_package_description}}</h3>\\n\\","<!-- utility2-comment\\n\\","<h4><a download href=\"assets.app.js\">download standalone app</a></h4>\\n\\","<button class=\"onclick onreset\" id=\"testRunButton1\">run internal test</button><br>\\n\\","<div id=\"testReportDiv1\" style=\"display: none;\"></div>\\n\\","utility2-comment -->\\n\\","\\n\\","\\n\\","\\n\\","<label>stderr and stdout</label>\\n\\","<textarea class=\"resettable\" id=\"outputTextareaStdout1\" readonly></textarea>\\n\\","<!-- utility2-comment\\n\\","{{#if isRollup}}\\n\\","<script src=\"assets.app.js\"></script>\\n\\","{{#unless isRollup}}\\n\\","utility2-comment -->\\n\\","<script src=\"assets.utility2.rollup.js\"></script>\\n\\","<script src=\"jsonp.utility2._stateInit?callback=window.utility2._stateInit\"></script>\\n\\","<script src=\"assets.npmtest_grunt_template_jasmine_istanbul.rollup.js\"></script>\\n\\","<script src=\"assets.example.js\"></script>\\n\\","<script src=\"assets.test.js\"></script>\\n\\","<!-- utility2-comment\\n\\","{{/if isRollup}}\\n\\","utility2-comment -->\\n\\","<div class=\"utility2FooterDiv\">\\n\\","    [ this app was created with\\n\\","    <a href=\"https://github.com/kaizhu256/node-utility2\" target=\"_blank\">utility2</a>\\n\\","    ]\\n\\","</div>\\n\\","</body>\\n\\","</html>\\n\\","';","        /* jslint-ignore-end */","        if (local.templateRender) {","            local.assetsDict['/'] = local.templateRender(","                local.assetsDict['/assets.index.template.html'],","                {","                    env: local.objectSetDefault(local.env, {","                        npm_package_description: 'the greatest app in the world!',","                        npm_package_name: 'my-app',","                        npm_package_nameAlias: 'my_app',","                        npm_package_version: '0.0.1'","                    })","                }","            );","        } else {","            local.assetsDict['/'] = local.assetsDict['/assets.index.template.html']","                .replace((/\\{\\{env\\.(\\w+?)\\}\\}/g), function (match0, match1) {","                    // jslint-hack","                    String(match0);","                    switch (match1) {","                    case 'npm_package_description':","                        return 'the greatest app in the world!';","                    case 'npm_package_name':","                        return 'my-app';","                    case 'npm_package_nameAlias':","                        return 'my_app';","                    case 'npm_package_version':","                        return '0.0.1';","                    }","                });","        }","        // run the cli","        if (local.global.utility2_rollup || module !== require.main) {","            break;","        }","        local.assetsDict['/assets.example.js'] =","            local.assetsDict['/assets.example.js'] ||","            local.fs.readFileSync(__filename, 'utf8');","        // bug-workaround - long $npm_package_buildCustomOrg","        /* jslint-ignore-begin */","        local.assetsDict['/assets.npmtest_grunt_template_jasmine_istanbul.rollup.js'] =","            local.assetsDict['/assets.npmtest_grunt_template_jasmine_istanbul.rollup.js'] ||","            local.fs.readFileSync(","                local.npmtest_grunt_template_jasmine_istanbul.__dirname + '/lib.npmtest_grunt_template_jasmine_istanbul.js',","                'utf8'","            ).replace((/^#!/), '//');","        /* jslint-ignore-end */","        local.assetsDict['/favicon.ico'] = local.assetsDict['/favicon.ico'] || '';","        // if $npm_config_timeout_exit exists,","        // then exit this process after $npm_config_timeout_exit ms","        if (Number(process.env.npm_config_timeout_exit)) {","            setTimeout(process.exit, Number(process.env.npm_config_timeout_exit));","        }","        // start server","        if (local.global.utility2_serverHttp1) {","            break;","        }","        process.env.PORT = process.env.PORT || '8081';","        console.error('server starting on port ' + process.env.PORT);","        local.http.createServer(function (request, response) {","            request.urlParsed = local.url.parse(request.url);","            if (local.assetsDict[request.urlParsed.pathname] !== undefined) {","                response.end(local.assetsDict[request.urlParsed.pathname]);","                return;","            }","            response.statusCode = 404;","            response.end();","        }).listen(process.env.PORT);","        break;","    }","}());",""],"l":{"26":2,"28":2,"33":2,"35":2,"37":2,"38":2,"39":2,"44":1,"51":2,"55":2,"59":2,"61":2,"69":1,"70":2,"76":2,"79":2,"82":2,"83":2,"85":1,"89":2,"92":1,"93":1,"94":1,"96":1,"97":1,"100":1,"101":1,"103":1,"106":1,"108":2,"114":1,"116":1,"118":1,"123":1,"124":2,"125":2,"126":3,"127":3,"128":3,"129":3,"130":1,"133":3,"134":3,"139":3,"143":1,"144":3,"145":1,"149":1,"150":1,"158":1,"160":1,"161":1,"162":1,"164":1,"166":1,"258":1,"259":1,"271":1,"274":6,"275":6,"277":1,"279":2,"281":1,"283":2,"288":1,"289":1,"291":1,"296":1,"303":1,"306":1,"307":1,"310":1,"311":1,"313":1,"314":1,"315":1,"316":1,"317":1,"318":1,"319":1,"321":1,"322":1,"324":1}},"/home/travis/build/npmtest/node-npmtest-grunt-template-jasmine-istanbul/node_modules/grunt-template-jasmine-istanbul/src/main/js/template.js":{"path":"/home/travis/build/npmtest/node-npmtest-grunt-template-jasmine-istanbul/node_modules/grunt-template-jasmine-istanbul/src/main/js/template.js","s":{"1":1,"2":1,"3":1,"4":1,"5":1,"6":1,"7":1,"8":1,"9":0,"10":1,"11":0,"12":0,"13":0,"14":0,"15":0,"16":0,"17":0,"18":0,"19":1,"20":0,"21":1,"22":0,"23":1,"24":0,"25":0,"26":0,"27":0,"28":0,"29":0,"30":0,"31":1,"32":0,"33":0,"34":0,"35":0,"36":0,"37":0,"38":0,"39":0,"40":0,"41":0,"42":0,"43":1,"44":0,"45":0,"46":0,"47":0,"48":0,"49":0,"50":0,"51":0,"52":1,"53":0,"54":0,"55":0,"56":0,"57":0,"58":0,"59":0,"60":0,"61":0,"62":0,"63":0,"64":0,"65":0,"66":0,"67":0,"68":0,"69":0,"70":0,"71":0,"72":0,"73":0,"74":0,"75":0,"76":0,"77":0,"78":0,"79":0,"80":0,"81":0,"82":0,"83":0,"84":0,"85":0},"b":{"1":[0,0],"2":[0,0],"3":[0,0],"4":[0,0],"5":[0,0],"6":[0,0],"7":[0,0],"8":[0,0],"9":[0,0],"10":[0,0],"11":[0,0],"12":[0,0],"13":[0,0],"14":[0,0],"15":[0,0],"16":[0,0]},"f":{"1":0,"2":0,"3":0,"4":0,"5":0,"6":0,"7":0,"8":0,"9":0,"10":0,"11":0,"12":0,"13":0,"14":0,"15":0},"fnMap":{"1":{"name":"(anonymous_1)","line":26,"loc":{"start":{"line":26,"column":13},"end":{"line":26,"column":29}}},"2":{"name":"(anonymous_2)","line":42,"loc":{"start":{"line":42,"column":17},"end":{"line":42,"column":40}}},"3":{"name":"(anonymous_3)","line":66,"loc":{"start":{"line":66,"column":20},"end":{"line":66,"column":46}}},"4":{"name":"(anonymous_4)","line":82,"loc":{"start":{"line":82,"column":18},"end":{"line":82,"column":54}}},"5":{"name":"(anonymous_5)","line":96,"loc":{"start":{"line":96,"column":19},"end":{"line":96,"column":49}}},"6":{"name":"(anonymous_6)","line":122,"loc":{"start":{"line":122,"column":22},"end":{"line":122,"column":52}}},"7":{"name":"(anonymous_7)","line":124,"loc":{"start":{"line":124,"column":27},"end":{"line":124,"column":43}}},"8":{"name":"(anonymous_8)","line":130,"loc":{"start":{"line":130,"column":30},"end":{"line":130,"column":48}}},"9":{"name":"(anonymous_9)","line":157,"loc":{"start":{"line":157,"column":29},"end":{"line":157,"column":61}}},"10":{"name":"(anonymous_10)","line":185,"loc":{"start":{"line":185,"column":18},"end":{"line":185,"column":50}}},"11":{"name":"(anonymous_11)","line":195,"loc":{"start":{"line":195,"column":29},"end":{"line":195,"column":47}}},"12":{"name":"(anonymous_12)","line":210,"loc":{"start":{"line":210,"column":23},"end":{"line":210,"column":46}}},"13":{"name":"(anonymous_13)","line":218,"loc":{"start":{"line":218,"column":48},"end":{"line":218,"column":66}}},"14":{"name":"(anonymous_14)","line":220,"loc":{"start":{"line":220,"column":24},"end":{"line":220,"column":47}}},"15":{"name":"(anonymous_15)","line":232,"loc":{"start":{"line":232,"column":39},"end":{"line":232,"column":59}}}},"statementMap":{"1":{"start":{"line":7,"column":0},"end":{"line":7,"column":27}},"2":{"start":{"line":8,"column":0},"end":{"line":8,"column":35}},"3":{"start":{"line":9,"column":0},"end":{"line":9,"column":29}},"4":{"start":{"line":10,"column":0},"end":{"line":10,"column":48}},"5":{"start":{"line":12,"column":0},"end":{"line":12,"column":42}},"6":{"start":{"line":13,"column":0},"end":{"line":13,"column":65}},"7":{"start":{"line":14,"column":0},"end":{"line":15,"column":43}},"8":{"start":{"line":26,"column":0},"end":{"line":28,"column":2}},"9":{"start":{"line":27,"column":1},"end":{"line":27,"column":38}},"10":{"start":{"line":42,"column":0},"end":{"line":54,"column":2}},"11":{"start":{"line":43,"column":1},"end":{"line":43,"column":48}},"12":{"start":{"line":44,"column":1},"end":{"line":45,"column":36}},"13":{"start":{"line":46,"column":1},"end":{"line":46,"column":33}},"14":{"start":{"line":48,"column":1},"end":{"line":50,"column":2}},"15":{"start":{"line":49,"column":2},"end":{"line":49,"column":70}},"16":{"start":{"line":51,"column":1},"end":{"line":51,"column":57}},"17":{"start":{"line":52,"column":1},"end":{"line":52,"column":62}},"18":{"start":{"line":53,"column":1},"end":{"line":53,"column":27}},"19":{"start":{"line":66,"column":0},"end":{"line":68,"column":2}},"20":{"start":{"line":67,"column":1},"end":{"line":67,"column":50}},"21":{"start":{"line":82,"column":0},"end":{"line":84,"column":2}},"22":{"start":{"line":83,"column":1},"end":{"line":83,"column":68}},"23":{"start":{"line":96,"column":0},"end":{"line":112,"column":2}},"24":{"start":{"line":97,"column":1},"end":{"line":111,"column":2}},"25":{"start":{"line":99,"column":2},"end":{"line":101,"column":16}},"26":{"start":{"line":102,"column":8},"end":{"line":111,"column":2}},"27":{"start":{"line":104,"column":2},"end":{"line":107,"column":3}},"28":{"start":{"line":105,"column":3},"end":{"line":105,"column":27}},"29":{"start":{"line":106,"column":3},"end":{"line":106,"column":55}},"30":{"start":{"line":110,"column":2},"end":{"line":110,"column":56}},"31":{"start":{"line":122,"column":0},"end":{"line":141,"column":2}},"32":{"start":{"line":123,"column":1},"end":{"line":123,"column":20}},"33":{"start":{"line":124,"column":1},"end":{"line":127,"column":4}},"34":{"start":{"line":125,"column":2},"end":{"line":126,"column":38}},"35":{"start":{"line":128,"column":1},"end":{"line":129,"column":14}},"36":{"start":{"line":130,"column":1},"end":{"line":140,"column":4}},"37":{"start":{"line":131,"column":2},"end":{"line":131,"column":34}},"38":{"start":{"line":132,"column":2},"end":{"line":132,"column":36}},"39":{"start":{"line":133,"column":2},"end":{"line":135,"column":3}},"40":{"start":{"line":134,"column":3},"end":{"line":134,"column":48}},"41":{"start":{"line":136,"column":2},"end":{"line":139,"column":3}},"42":{"start":{"line":137,"column":3},"end":{"line":138,"column":52}},"43":{"start":{"line":157,"column":0},"end":{"line":171,"column":2}},"44":{"start":{"line":158,"column":1},"end":{"line":158,"column":41}},"45":{"start":{"line":159,"column":1},"end":{"line":161,"column":2}},"46":{"start":{"line":160,"column":2},"end":{"line":160,"column":30}},"47":{"start":{"line":163,"column":1},"end":{"line":163,"column":58}},"48":{"start":{"line":165,"column":1},"end":{"line":165,"column":64}},"49":{"start":{"line":166,"column":1},"end":{"line":170,"column":2}},"50":{"start":{"line":167,"column":2},"end":{"line":167,"column":55}},"51":{"start":{"line":169,"column":2},"end":{"line":169,"column":67}},"52":{"start":{"line":185,"column":0},"end":{"line":243,"column":2}},"53":{"start":{"line":186,"column":1},"end":{"line":186,"column":53}},"54":{"start":{"line":188,"column":1},"end":{"line":188,"column":57}},"55":{"start":{"line":189,"column":1},"end":{"line":189,"column":40}},"56":{"start":{"line":190,"column":1},"end":{"line":191,"column":17}},"57":{"start":{"line":193,"column":1},"end":{"line":193,"column":45}},"58":{"start":{"line":194,"column":1},"end":{"line":194,"column":23}},"59":{"start":{"line":195,"column":1},"end":{"line":207,"column":4}},"60":{"start":{"line":196,"column":2},"end":{"line":196,"column":62}},"61":{"start":{"line":197,"column":2},"end":{"line":199,"column":3}},"62":{"start":{"line":198,"column":3},"end":{"line":198,"column":10}},"63":{"start":{"line":200,"column":2},"end":{"line":200,"column":68}},"64":{"start":{"line":201,"column":2},"end":{"line":202,"column":25}},"65":{"start":{"line":203,"column":2},"end":{"line":206,"column":5}},"66":{"start":{"line":209,"column":1},"end":{"line":215,"column":2}},"67":{"start":{"line":210,"column":2},"end":{"line":214,"column":5}},"68":{"start":{"line":212,"column":3},"end":{"line":213,"column":23}},"69":{"start":{"line":216,"column":1},"end":{"line":230,"column":2}},"70":{"start":{"line":218,"column":2},"end":{"line":229,"column":5}},"71":{"start":{"line":219,"column":3},"end":{"line":219,"column":33}},"72":{"start":{"line":220,"column":3},"end":{"line":224,"column":6}},"73":{"start":{"line":221,"column":4},"end":{"line":223,"column":5}},"74":{"start":{"line":222,"column":5},"end":{"line":222,"column":41}},"75":{"start":{"line":225,"column":3},"end":{"line":227,"column":4}},"76":{"start":{"line":226,"column":4},"end":{"line":226,"column":30}},"77":{"start":{"line":228,"column":3},"end":{"line":228,"column":17}},"78":{"start":{"line":232,"column":1},"end":{"line":240,"column":4}},"79":{"start":{"line":233,"column":2},"end":{"line":233,"column":43}},"80":{"start":{"line":234,"column":2},"end":{"line":234,"column":26}},"81":{"start":{"line":235,"column":2},"end":{"line":235,"column":52}},"82":{"start":{"line":236,"column":2},"end":{"line":236,"column":50}},"83":{"start":{"line":237,"column":2},"end":{"line":239,"column":3}},"84":{"start":{"line":238,"column":3},"end":{"line":238,"column":58}},"85":{"start":{"line":242,"column":1},"end":{"line":242,"column":53}}},"branchMap":{"1":{"line":48,"type":"if","locations":[{"start":{"line":48,"column":1},"end":{"line":48,"column":1}},{"start":{"line":48,"column":1},"end":{"line":48,"column":1}}]},"2":{"line":97,"type":"if","locations":[{"start":{"line":97,"column":1},"end":{"line":97,"column":1}},{"start":{"line":97,"column":1},"end":{"line":97,"column":1}}]},"3":{"line":97,"type":"binary-expr","locations":[{"start":{"line":97,"column":5},"end":{"line":97,"column":32}},{"start":{"line":97,"column":36},"end":{"line":97,"column":61}}]},"4":{"line":102,"type":"if","locations":[{"start":{"line":102,"column":8},"end":{"line":102,"column":8}},{"start":{"line":102,"column":8},"end":{"line":102,"column":8}}]},"5":{"line":133,"type":"if","locations":[{"start":{"line":133,"column":2},"end":{"line":133,"column":2}},{"start":{"line":133,"column":2},"end":{"line":133,"column":2}}]},"6":{"line":136,"type":"if","locations":[{"start":{"line":136,"column":2},"end":{"line":136,"column":2}},{"start":{"line":136,"column":2},"end":{"line":136,"column":2}}]},"7":{"line":159,"type":"if","locations":[{"start":{"line":159,"column":1},"end":{"line":159,"column":1}},{"start":{"line":159,"column":1},"end":{"line":159,"column":1}}]},"8":{"line":165,"type":"binary-expr","locations":[{"start":{"line":165,"column":26},"end":{"line":165,"column":57}},{"start":{"line":165,"column":61},"end":{"line":165,"column":63}}]},"9":{"line":166,"type":"if","locations":[{"start":{"line":166,"column":1},"end":{"line":166,"column":1}},{"start":{"line":166,"column":1},"end":{"line":166,"column":1}}]},"10":{"line":193,"type":"binary-expr","locations":[{"start":{"line":193,"column":13},"end":{"line":193,"column":34}},{"start":{"line":193,"column":38},"end":{"line":193,"column":44}}]},"11":{"line":197,"type":"if","locations":[{"start":{"line":197,"column":2},"end":{"line":197,"column":2}},{"start":{"line":197,"column":2},"end":{"line":197,"column":2}}]},"12":{"line":209,"type":"if","locations":[{"start":{"line":209,"column":1},"end":{"line":209,"column":1}},{"start":{"line":209,"column":1},"end":{"line":209,"column":1}}]},"13":{"line":216,"type":"if","locations":[{"start":{"line":216,"column":1},"end":{"line":216,"column":1}},{"start":{"line":216,"column":1},"end":{"line":216,"column":1}}]},"14":{"line":221,"type":"if","locations":[{"start":{"line":221,"column":4},"end":{"line":221,"column":4}},{"start":{"line":221,"column":4},"end":{"line":221,"column":4}}]},"15":{"line":225,"type":"if","locations":[{"start":{"line":225,"column":3},"end":{"line":225,"column":3}},{"start":{"line":225,"column":3},"end":{"line":225,"column":3}}]},"16":{"line":237,"type":"if","locations":[{"start":{"line":237,"column":2},"end":{"line":237,"column":2}},{"start":{"line":237,"column":2},"end":{"line":237,"column":2}}]}},"code":["/**"," * Code coverage via istanbul."," *"," * @module grunt-template-jasmine-istanbul"," * @class template"," */","var path = require('path');","var istanbul = require('istanbul');","var grunt = require('grunt');","var lodashTemplate = require('lodash.template');","","var REPORTER = __dirname + '/reporter.js';","var TMP_REPORTER = 'grunt-template-jasmine-istanbul/reporter.js';","var DEFAULT_TEMPLATE = __dirname + '/../../../../grunt-contrib-jasmine/tasks/'","\t\t+ 'jasmine/templates/DefaultRunner.tmpl';","","/**"," * Gets an URI from a file path. Accounts for Windows paths."," *"," * @method getUri"," *"," * @param {String} file The file path"," *"," * @return {String} The URI for the specified file path"," */","var getUri = function (file) {","\treturn file.replace(/\\\\{1,2}/g, '/');","};","","/**"," * Instruments the specified source and moves the instrumented source to the"," * temporary location, recreating the original directory structure."," *"," * @private"," * @method instrument"," *"," * @param {String} source The path of the original source"," * @param {String} tmp The path to the temporary directory"," *"," * @return {String} The path to the instrumented source"," */","var instrument = function (source, tmp) {","\tvar instrumenter = new istanbul.Instrumenter();","\tvar instrumentedSourceText = instrumenter.instrumentSync(","\t\t\tgrunt.file.read(source), source);","\tvar instrumentedSource = source;","\t// don't try to write \"C:\" as part of a folder name on Windows","\tif (process.platform === 'win32') {","\t\tinstrumentedSource = instrumentedSource.replace(/^([a-z]):/i, '$1');","\t}","\tinstrumentedSource = path.join(tmp, instrumentedSource);","\tgrunt.file.write(instrumentedSource, instrumentedSourceText);","\treturn instrumentedSource;","};","","/**"," * Writes the coverage file."," *"," * @private"," * @method writeCoverage"," *"," * @param {Object} coverage The coverage data"," * @param {String} file The path to the coverage file"," * @return {void}"," */","var writeCoverage = function (coverage, file) {","\tgrunt.file.write(file, JSON.stringify(coverage));","};","","/**"," * Writes the report of the specified type, using the specified options and"," * reporting the coverage collected by the specified collector."," *"," * @private"," * @method writeReport"," *"," * @param {String} type The report type"," * @param {Object} options The report options"," * @param {Collector} collector The collector containing the coverage"," * @return {void}"," */","var writeReport = function (type, options, collector) {","\tistanbul.Report.create(type, options).writeReport(collector, true);","};","","/**"," * Writes the istanbul reports created from the specified options."," *"," * @private"," * @method writeReports"," *"," * @param {Collector} collector The collector containing the coverage"," * @param {Object} options The options describing the reports"," * @return {void}"," */","var writeReports = function (collector, options) {","\tif (typeof options === 'string' || options instanceof String) {","\t\t// default to html report at options directory","\t\twriteReport('html', {","\t\t\tdir: options","\t\t}, collector);","\t} else if (options instanceof Array) {","\t\t// multiple reports","\t\tfor (var i = 0; i < options.length; i = i + 1) {","\t\t\tvar report = options[i];","\t\t\twriteReport(report.type, report.options, collector);","\t\t}","\t} else {","\t\t// single report","\t\twriteReport(options.type, options.options, collector);","\t}","};","","/**"," * Checks whether the specified threshold options have been met. Issues a"," * warning if not."," *"," * @param {Collector} collector The collector containing the coverage"," * @param {Object} options The options describing the thresholds"," * @return {void}"," */","var checkThresholds = function (collector, options) {","\tvar summaries = [];","\tcollector.files().forEach(function (file) {","\t\tsummaries.push(istanbul.utils.summarizeFileCoverage(","\t\t\t\tcollector.fileCoverageFor(file)));","\t});","\tvar finalSummary = istanbul.utils.mergeSummaryObjects.apply(null,","\t\t\tsummaries);","\tObject.keys(options).forEach(function (metric) {","\t\tvar threshold = options[metric];","\t\tvar actual = finalSummary[metric];","\t\tif (!actual) {","\t\t\tgrunt.warn('unrecognized metric: ' + metric);","\t\t}","\t\tif (actual.pct < threshold) {","\t\t\tgrunt.warn('expected ' + metric + ' coverage to be at least '","\t\t\t\t\t+ threshold + '% but was ' + actual.pct + '%');","\t\t}","\t});","};","","/**"," * Processes the mixed-in template. Defaults to jasmine's default template and"," * sets up the context using the mixed-in template's options."," *"," * @private"," * @method processMixedInTemplate"," *"," * @param {Object} grunt The grunt object"," * @param {Object} task Provides utility methods to register listeners and"," *\t   handle temporary files"," * @param {Object} context Contains all options"," *"," * @return {String} The template HTML source of the mixed in template"," */","var processMixedInTemplate = function (grunt, task, context) {// eslint-disable-line no-shadow","\tvar template = context.options.template;","\tif (!template) {","\t\ttemplate = DEFAULT_TEMPLATE;","\t}","\t// clone context","\tvar mixedInContext = JSON.parse(JSON.stringify(context));","\t// transit templateOptions","\tmixedInContext.options = context.options.templateOptions || {};","\tif (template.process) {","\t\treturn template.process(grunt, task, mixedInContext);","\t} else {","\t\treturn lodashTemplate(grunt.file.read(template))(mixedInContext);","\t}","};","","/**"," * Instruments the sources, generates reports and cleans up after tests."," *"," * @method process"," *"," * @param {Object} grunt The grunt object"," * @param {Object} task Provides utility methods to register listeners and"," *\t   handle temporary files"," * @param {Object} context Contains all options"," *"," * @return {String} The template HTML source"," */","exports.process = function (grunt, task, context) {// eslint-disable-line no-shadow","\tvar outputDirectory = path.dirname(context.outfile);","\t// prepend coverage reporter","\tvar tmpReporter = path.join(context.temp, TMP_REPORTER);","\tgrunt.file.copy(REPORTER, tmpReporter);","\tcontext.scripts.reporters.unshift(getUri(path.relative(outputDirectory,","\t\ttmpReporter)));","\t// instrument sources","\tvar files = context.options.files || '**/*';","\tvar replacements = [];","\tcontext.scripts.src.forEach(function (source) {","\t\tvar instrumentedSource = path.join(outputDirectory, source);","\t\tif (!grunt.file.isMatch(files, instrumentedSource)) {","\t\t\treturn;","\t\t}","\t\tinstrumentedSource = instrument(instrumentedSource, context.temp);","\t\tinstrumentedSource = getUri(path.relative(outputDirectory,","\t\t\t\tinstrumentedSource));","\t\treplacements.push({","\t\t\tfrom: source,","\t\t\tto: instrumentedSource","\t\t});","\t});","\t// replace sources","\tif (typeof context.options.replace === 'function') {","\t\treplacements.forEach(function (replacement) {","\t\t\t// call replace with the original and the instrumented source paths","\t\t\treplacement.to = context.options.replace(replacement.to,","\t\t\t\t\treplacement.from);","\t\t});","\t}","\tif (context.options.replace !== false) {","\t\t// replace instrumented sources and keep uninstrumented","\t\tcontext.scripts.src = context.scripts.src.map(function (source) {","\t\t\tvar instrumentedSource = null;","\t\t\treplacements.forEach(function (replacement) {","\t\t\t\tif (replacement.from === source) {","\t\t\t\t\tinstrumentedSource = replacement.to;","\t\t\t\t}","\t\t\t});","\t\t\tif (instrumentedSource) {","\t\t\t\treturn instrumentedSource;","\t\t\t}","\t\t\treturn source;","\t\t});","\t}","\t// listen to coverage event dispatched by reporter","\ttask.phantomjs.on('jasmine.coverage', function (coverage) {","\t\tvar collector = new istanbul.Collector();","\t\tcollector.add(coverage);","\t\twriteCoverage(coverage, context.options.coverage);","\t\twriteReports(collector, context.options.report);","\t\tif (context.options.thresholds) {","\t\t\tcheckThresholds(collector, context.options.thresholds);","\t\t}","\t});","\t// process mixed-in template","\treturn processMixedInTemplate(grunt, task, context);","};",""],"l":{"7":1,"8":1,"9":1,"10":1,"12":1,"13":1,"14":1,"26":1,"27":0,"42":1,"43":0,"44":0,"46":0,"48":0,"49":0,"51":0,"52":0,"53":0,"66":1,"67":0,"82":1,"83":0,"96":1,"97":0,"99":0,"102":0,"104":0,"105":0,"106":0,"110":0,"122":1,"123":0,"124":0,"125":0,"128":0,"130":0,"131":0,"132":0,"133":0,"134":0,"136":0,"137":0,"157":1,"158":0,"159":0,"160":0,"163":0,"165":0,"166":0,"167":0,"169":0,"185":1,"186":0,"188":0,"189":0,"190":0,"193":0,"194":0,"195":0,"196":0,"197":0,"198":0,"200":0,"201":0,"203":0,"209":0,"210":0,"212":0,"216":0,"218":0,"219":0,"220":0,"221":0,"222":0,"225":0,"226":0,"228":0,"232":0,"233":0,"234":0,"235":0,"236":0,"237":0,"238":0,"242":0}},"/home/travis/build/npmtest/node-npmtest-grunt-template-jasmine-istanbul/node_modules/grunt-template-jasmine-istanbul/Gruntfile.js":{"path":"/home/travis/build/npmtest/node-npmtest-grunt-template-jasmine-istanbul/node_modules/grunt-template-jasmine-istanbul/Gruntfile.js","s":{"1":1,"2":0,"3":0,"4":0,"5":0,"6":0,"7":0,"8":0,"9":0,"10":0,"11":0,"12":0,"13":0,"14":0,"15":0,"16":0,"17":0,"18":0,"19":0,"20":0,"21":0,"22":0,"23":0,"24":0,"25":0,"26":0,"27":0,"28":0,"29":0},"b":{},"f":{"1":0,"2":0,"3":0,"4":0,"5":0,"6":0},"fnMap":{"1":{"name":"(anonymous_1)","line":1,"loc":{"start":{"line":1,"column":17},"end":{"line":1,"column":33}}},"2":{"name":"(anonymous_2)","line":134,"loc":{"start":{"line":134,"column":55},"end":{"line":134,"column":67}}},"3":{"name":"(anonymous_3)","line":140,"loc":{"start":{"line":140,"column":94},"end":{"line":140,"column":110}}},"4":{"name":"(anonymous_4)","line":148,"loc":{"start":{"line":148,"column":74},"end":{"line":148,"column":86}}},"5":{"name":"(anonymous_5)","line":149,"loc":{"start":{"line":149,"column":15},"end":{"line":149,"column":33}}},"6":{"name":"(anonymous_6)","line":153,"loc":{"start":{"line":153,"column":78},"end":{"line":153,"column":90}}}},"statementMap":{"1":{"start":{"line":1,"column":0},"end":{"line":167,"column":2}},"2":{"start":{"line":2,"column":1},"end":{"line":126,"column":4}},"3":{"start":{"line":128,"column":1},"end":{"line":128,"column":43}},"4":{"start":{"line":129,"column":1},"end":{"line":129,"column":45}},"5":{"start":{"line":130,"column":1},"end":{"line":130,"column":46}},"6":{"start":{"line":131,"column":1},"end":{"line":131,"column":44}},"7":{"start":{"line":132,"column":1},"end":{"line":132,"column":39}},"8":{"start":{"line":134,"column":1},"end":{"line":144,"column":4}},"9":{"start":{"line":135,"column":2},"end":{"line":135,"column":37}},"10":{"start":{"line":136,"column":2},"end":{"line":136,"column":43}},"11":{"start":{"line":137,"column":2},"end":{"line":139,"column":5}},"12":{"start":{"line":140,"column":2},"end":{"line":142,"column":5}},"13":{"start":{"line":141,"column":3},"end":{"line":141,"column":44}},"14":{"start":{"line":143,"column":2},"end":{"line":143,"column":40}},"15":{"start":{"line":146,"column":1},"end":{"line":146,"column":23}},"16":{"start":{"line":148,"column":1},"end":{"line":152,"column":4}},"17":{"start":{"line":149,"column":2},"end":{"line":151,"column":4}},"18":{"start":{"line":150,"column":3},"end":{"line":150,"column":32}},"19":{"start":{"line":153,"column":1},"end":{"line":155,"column":4}},"20":{"start":{"line":154,"column":2},"end":{"line":154,"column":20}},"21":{"start":{"line":157,"column":1},"end":{"line":157,"column":41}},"22":{"start":{"line":158,"column":1},"end":{"line":158,"column":37}},"23":{"start":{"line":159,"column":1},"end":{"line":159,"column":60}},"24":{"start":{"line":160,"column":1},"end":{"line":160,"column":60}},"25":{"start":{"line":161,"column":1},"end":{"line":161,"column":103}},"26":{"start":{"line":162,"column":1},"end":{"line":162,"column":91}},"27":{"start":{"line":163,"column":1},"end":{"line":163,"column":141}},"28":{"start":{"line":164,"column":1},"end":{"line":164,"column":118}},"29":{"start":{"line":165,"column":1},"end":{"line":165,"column":70}}},"branchMap":{},"code":["module.exports = function(grunt) {","\tgrunt.initConfig({","\t\tmeta: {","\t\t\tpackage: grunt.file.readJSON('package.json'),","\t\t\tsrc: {","\t\t\t\tmain: 'src/main',","\t\t\t\ttest: 'src/test',","\t\t\t},","\t\t\tbin: {","\t\t\t\tcoverage: 'bin/coverage'","\t\t\t},","\t\t\ttemp: {","\t\t\t\tintegration: '.grunt/integration',","\t\t\t\toutfile: '.grunt/outfile'","\t\t\t},","\t\t\tdoc: 'doc'","\t\t},","\t\t// test template functionality","\t\tnodeunit: {","\t\t\ttemplate: '<%= meta.src.test %>/js/template.js',","\t\t\treporter: '<%= meta.src.test %>/js/reporter.js',","\t\t\tintegration: '<%= meta.src.test %>/js/integration.js',","\t\t\toutfile: '<%= meta.src.test %>/js/outfile.js',","\t\t\tthreshold: '<%= meta.src.test %>/js/threshold.js'","\t\t},","\t\tjasmine: {","\t\t\t// test common use-case","\t\t\tintegration: {","\t\t\t\tsrc: ['<%= meta.src.test %>/js/Generator.js'],","\t\t\t\toptions: {","\t\t\t\t\tspecs: ['<%= meta.src.test %>/js/GeneratorTest.js'],","\t\t\t\t\ttemplate: require('./'),","\t\t\t\t\ttemplateOptions: {","\t\t\t\t\t\tcoverage: '<%= meta.temp.integration %>/coverage.json',","\t\t\t\t\t\treport: [","\t\t\t\t\t\t\t{","\t\t\t\t\t\t\t\ttype: 'html',","\t\t\t\t\t\t\t\toptions: {","\t\t\t\t\t\t\t\t\tdir: '<%= meta.temp.integration %>/html'","\t\t\t\t\t\t\t\t}","\t\t\t\t\t\t\t},","\t\t\t\t\t\t\t{","\t\t\t\t\t\t\t\ttype: 'cobertura',","\t\t\t\t\t\t\t\toptions: {","\t\t\t\t\t\t\t\t\tdir: '<%= meta.temp.integration %>/cobertura'","\t\t\t\t\t\t\t\t}","\t\t\t\t\t\t\t},","\t\t\t\t\t\t\t{","\t\t\t\t\t\t\t\ttype: 'text-summary'","\t\t\t\t\t\t\t}","\t\t\t\t\t\t],","\t\t\t\t\t\tthresholds: {","\t\t\t\t\t\t\tlines: 100,","\t\t\t\t\t\t\tstatements: 100,","\t\t\t\t\t\t\tbranches: 100,","\t\t\t\t\t\t\tfunctions: 100","\t\t\t\t\t\t},","\t\t\t\t\t\ttemplate: '<%= meta.src.test %>/html/integration.tmpl',","\t\t\t\t\t\ttemplateOptions: {","\t\t\t\t\t\t\thelpers: ['<%= meta.src.test %>/js/integration-helper.js']","\t\t\t\t\t\t}","\t\t\t\t\t}","\t\t\t\t}","\t\t\t},","\t\t\t// test that coverage is still collected when outfile is specified, see #33","\t\t\toutfile: {","\t\t\t\tsrc: ['<%= meta.src.test %>/js/Generator.js'],","\t\t\t\toptions: {","\t\t\t\t\tspecs: ['<%= meta.src.test %>/js/GeneratorTest.js'],","\t\t\t\t\toutfile: '.grunt/runner.html',","\t\t\t\t\ttemplate: require('./'),","\t\t\t\t\ttemplateOptions: {","\t\t\t\t\t\tcoverage: '<%= meta.temp.outfile %>/coverage.json',","\t\t\t\t\t\treport: {","\t\t\t\t\t\t\ttype: 'text-summary'","\t\t\t\t\t\t},","\t\t\t\t\t\ttemplate: '<%= meta.src.test %>/html/integration.tmpl',","\t\t\t\t\t\ttemplateOptions: {","\t\t\t\t\t\t\thelpers: ['<%= meta.src.test %>/js/integration-helper.js']","\t\t\t\t\t\t}","\t\t\t\t\t}","\t\t\t\t}","\t\t\t},","\t\t\t// test that threshold can fail the build","\t\t\tthreshold: {","\t\t\t\tsrc: ['<%= meta.src.test %>/js/Generator.js'],","\t\t\t\toptions: {","\t\t\t\t\tspecs: ['<%= meta.src.test %>/js/GeneratorTest.js'],","\t\t\t\t\ttemplate: require('./'),","\t\t\t\t\ttemplateOptions: {","\t\t\t\t\t\tcoverage: '<%= meta.temp.integration %>/coverage.json',","\t\t\t\t\t\treport: {","\t\t\t\t\t\t\ttype: 'text-summary'","\t\t\t\t\t\t},","\t\t\t\t\t\tthresholds: {","\t\t\t\t\t\t\tlines: 101","\t\t\t\t\t\t},","\t\t\t\t\t\ttemplate: '<%= meta.src.test %>/html/integration.tmpl',","\t\t\t\t\t\ttemplateOptions: {","\t\t\t\t\t\t\thelpers: ['<%= meta.src.test %>/js/integration-helper.js']","\t\t\t\t\t\t}","\t\t\t\t\t}","\t\t\t\t}","\t\t\t}","\t\t},","\t\tclean: {","\t\t\ttemp: ['.grunt'],","\t\t\tbin: ['bin']","\t\t},","\t\tyuidoc: {","\t\t\tcompile: {","\t\t\t\tname: '<%= meta.package.name %>',","\t\t\t\tdescription: '<%= meta.package.description %>',","\t\t\t\tversion: '<%= meta.package.version %>',","\t\t\t\toptions: {","\t\t\t\t\tpaths: '<%= meta.src.main %>',","\t\t\t\t\toutdir: '<%= meta.doc %>'","\t\t\t\t}","\t\t\t}","\t\t},","\t\teslint: {","\t\t\ttarget: ['<%= meta.src.main %>/js/*.js', '<%= meta.src.test %>/js/*.js'],","\t\t\toptions: {","\t\t\t}","\t\t}","\t});","","\tgrunt.loadNpmTasks('grunt-contrib-clean');","\tgrunt.loadNpmTasks('grunt-contrib-jasmine');","\tgrunt.loadNpmTasks('grunt-contrib-nodeunit');","\tgrunt.loadNpmTasks('grunt-contrib-yuidoc');","\tgrunt.loadNpmTasks('gruntify-eslint');","","\tgrunt.registerTask('report', 'Write coverage report', function () {","\t\tvar istanbul = require('istanbul');","\t\tvar collector = new istanbul.Collector();","\t\tvar reporter = istanbul.Report.create('html', {","\t\t\tdir: grunt.config.process('<%= meta.bin.coverage %>')","\t\t});","\t\tgrunt.file.expand(grunt.config.process('<%= meta.bin.coverage %>/coverage-*.json')).forEach(function (file) {","\t\t\tcollector.add(grunt.file.readJSON(file));","\t\t});","\t\treporter.writeReport(collector, true);","\t});","","\tvar WARN = grunt.warn;","","\tgrunt.registerTask('mock:warn:install', 'Install mock for grunt.warn()', function () {","\t\tgrunt.warn = function(message) {","\t\t\tgrunt.warn.message = message;","\t\t};","\t});","\tgrunt.registerTask('mock:warn:uninstall', 'Uninstall mock for grunt.warn()', function () {","\t\tgrunt.warn = WARN;","\t});","","\tgrunt.registerTask('check', ['eslint']);","\tgrunt.registerTask('doc', 'yuidoc');","\tgrunt.registerTask('test:template', ['nodeunit:template']);","\tgrunt.registerTask('test:reporter', ['nodeunit:reporter']);","\tgrunt.registerTask('test:integration', ['clean:temp', 'jasmine:integration', 'nodeunit:integration']);","\tgrunt.registerTask('test:outfile', ['clean:temp', 'jasmine:outfile', 'nodeunit:outfile']);","\tgrunt.registerTask('test:threshold', ['clean:temp', 'mock:warn:install', 'jasmine:threshold', 'nodeunit:threshold', 'mock:warn:uninstall']);","\tgrunt.registerTask('test', ['test:template', 'test:reporter', 'test:integration', 'test:outfile', 'test:threshold']);","\tgrunt.registerTask('test:coverage', ['clean:bin', 'test', 'report']);","","};",""],"l":{"1":1,"2":0,"128":0,"129":0,"130":0,"131":0,"132":0,"134":0,"135":0,"136":0,"137":0,"140":0,"141":0,"143":0,"146":0,"148":0,"149":0,"150":0,"153":0,"154":0,"157":0,"158":0,"159":0,"160":0,"161":0,"162":0,"163":0,"164":0,"165":0}},"/home/travis/build/npmtest/node-npmtest-grunt-template-jasmine-istanbul/node_modules/grunt-template-jasmine-istanbul/src/main/js/reporter.js":{"path":"/home/travis/build/npmtest/node-npmtest-grunt-template-jasmine-istanbul/node_modules/grunt-template-jasmine-istanbul/src/main/js/reporter.js","s":{"1":2,"2":2,"3":0,"4":0,"5":2},"b":{"1":[0,0],"2":[0,0]},"f":{"1":2,"2":0},"fnMap":{"1":{"name":"(anonymous_1)","line":8,"loc":{"start":{"line":8,"column":1},"end":{"line":8,"column":13}}},"2":{"name":"(anonymous_2)","line":16,"loc":{"start":{"line":16,"column":15},"end":{"line":16,"column":27}}}},"statementMap":{"1":{"start":{"line":8,"column":0},"end":{"line":23,"column":5}},"2":{"start":{"line":9,"column":1},"end":{"line":21,"column":3}},"3":{"start":{"line":17,"column":3},"end":{"line":19,"column":4}},"4":{"start":{"line":18,"column":4},"end":{"line":18,"column":58}},"5":{"start":{"line":22,"column":1},"end":{"line":22,"column":40}}},"branchMap":{"1":{"line":17,"type":"if","locations":[{"start":{"line":17,"column":3},"end":{"line":17,"column":3}},{"start":{"line":17,"column":3},"end":{"line":17,"column":3}}]},"2":{"line":17,"type":"binary-expr","locations":[{"start":{"line":17,"column":7},"end":{"line":17,"column":42}},{"start":{"line":17,"column":46},"end":{"line":17,"column":58}}]}},"code":["/* globals jasmine, phantom, __coverage__ */","/**"," * Reports the coverage results after the test have run."," *"," * @module grunt-template-jasmine-istanbul"," * @class reporter"," */","(function () {","\tvar reporter = {","\t\t/**","\t\t * Reports the coverage variable by dispatching a message from phantom.","\t\t *","\t\t * @method jasmineDone","\t\t * @return {void}","\t\t */","\t\tjasmineDone: function () {","\t\t\tif (typeof __coverage__ !== 'undefined' && __coverage__) {","\t\t\t\tphantom.sendMessage('jasmine.coverage', __coverage__);","\t\t\t}","\t\t}","\t};","\tjasmine.getEnv().addReporter(reporter);","})();",""],"l":{"8":2,"9":2,"17":0,"18":0,"22":2}}}